\BOOKMARK [1][-]{section.5}{\376\377\000I\000n\000t\000r\000o\000d\000u\000c\000t\000i\000o\000n}{}% 1
\BOOKMARK [1][-]{section.6}{\376\377\000I\000m\000p\000l\000e\000m\000e\000n\000t\000a\000t\000i\000o\000n}{}% 2
\BOOKMARK [2][-]{subsection.6.1}{\376\377\000S\000y\000s\000t\000e\000m\000\040\000A\000r\000c\000h\000i\000t\000e\000c\000t\000u\000r\000e\000\040\000a\000n\000d\000\040\000D\000e\000s\000i\000g\000n}{section.6}% 3
\BOOKMARK [2][-]{subsection.6.2}{\376\377\000A\000u\000t\000h\000e\000n\000t\000i\000c\000a\000t\000i\000o\000n\000\040\000a\000n\000d\000\040\000S\000e\000c\000u\000r\000i\000t\000y}{section.6}% 4
\BOOKMARK [2][-]{subsection.6.3}{\376\377\000R\000e\000a\000l\000-\000T\000i\000m\000e\000\040\000D\000a\000t\000a\000\040\000S\000y\000n\000c\000h\000r\000o\000n\000i\000z\000a\000t\000i\000o\000n}{section.6}% 5
\BOOKMARK [2][-]{subsection.6.4}{\376\377\000T\000e\000s\000t\000i\000n\000g\000\040\000S\000t\000r\000a\000t\000e\000g\000y}{section.6}% 6
\BOOKMARK [2][-]{subsection.6.5}{\376\377\000C\000o\000n\000t\000i\000n\000u\000o\000u\000s\000\040\000I\000n\000t\000e\000g\000r\000a\000t\000i\000o\000n\000\040\000a\000n\000d\000\040\000D\000e\000p\000l\000o\000y\000m\000e\000n\000t}{section.6}% 7
\BOOKMARK [2][-]{subsection.6.6}{\376\377\000D\000e\000p\000l\000o\000y\000m\000e\000n\000t\000\040\000A\000r\000c\000h\000i\000t\000e\000c\000t\000u\000r\000e}{section.6}% 8
\BOOKMARK [2][-]{subsection.6.7}{\376\377\000E\000n\000v\000i\000r\000o\000n\000m\000e\000n\000t\000\040\000C\000o\000n\000f\000i\000g\000u\000r\000a\000t\000i\000o\000n\000\040\000M\000a\000n\000a\000g\000e\000m\000e\000n\000t}{section.6}% 9
\BOOKMARK [2][-]{subsection.6.8}{\376\377\000R\000e\000l\000e\000a\000s\000e\000\040\000M\000a\000n\000a\000g\000e\000m\000e\000n\000t\000\040\000W\000o\000r\000k\000f\000l\000o\000w}{section.6}% 10
\BOOKMARK [2][-]{subsection.6.9}{\376\377\000D\000e\000v\000e\000l\000o\000p\000m\000e\000n\000t\000\040\000a\000n\000d\000\040\000Q\000u\000a\000l\000i\000t\000y\000\040\000A\000s\000s\000u\000r\000a\000n\000c\000e}{section.6}% 11
\BOOKMARK [3][-]{subsubsection.6.9.1}{\376\377\000P\000e\000r\000f\000o\000r\000m\000a\000n\000c\000e\000\040\000M\000e\000t\000r\000i\000c\000s}{subsection.6.9}% 12
\BOOKMARK [3][-]{subsubsection.6.9.2}{\376\377\000U\000s\000e\000r\000\040\000E\000n\000g\000a\000g\000e\000m\000e\000n\000t}{subsection.6.9}% 13
\BOOKMARK [2][-]{subsection.6.10}{\376\377\000A\000p\000p\000\040\000W\000a\000l\000k\000t\000h\000r\000o\000u\000g\000h\000\040\000a\000n\000d\000\040\000F\000e\000a\000t\000u\000r\000e\000\040\000S\000h\000o\000w\000c\000a\000s\000e}{section.6}% 14
\BOOKMARK [2][-]{subsection.6.11}{\376\377\000U\000s\000e\000r\000\040\000A\000u\000t\000h\000e\000n\000t\000i\000c\000a\000t\000i\000o\000n\000\040\000a\000n\000d\000\040\000O\000n\000b\000o\000a\000r\000d\000i\000n\000g}{section.6}% 15
\BOOKMARK [2][-]{subsection.6.12}{\376\377\000P\000a\000r\000e\000n\000t\000\040\000D\000a\000s\000h\000b\000o\000a\000r\000d}{section.6}% 16
\BOOKMARK [2][-]{subsection.6.13}{\376\377\000C\000h\000i\000l\000d\000\040\000C\000r\000e\000a\000t\000i\000o\000n\000\040\000a\000n\000d\000\040\000P\000r\000o\000f\000i\000l\000e\000\040\000M\000a\000n\000a\000g\000e\000m\000e\000n\000t}{section.6}% 17
\BOOKMARK [2][-]{subsection.6.14}{\376\377\000A\000n\000a\000l\000y\000t\000i\000c\000s\000\040\000a\000n\000d\000\040\000E\000m\000o\000t\000i\000o\000n\000a\000l\000\040\000T\000r\000e\000n\000d\000s}{section.6}% 18
\BOOKMARK [2][-]{subsection.6.15}{\376\377\000T\000h\000e\000r\000a\000p\000i\000s\000t\000\040\000D\000a\000s\000h\000b\000o\000a\000r\000d\000\040\000a\000n\000d\000\040\000C\000l\000i\000e\000n\000t\000\040\000M\000a\000n\000a\000g\000e\000m\000e\000n\000t}{section.6}% 19
\BOOKMARK [2][-]{subsection.6.16}{\376\377\000A\000I\000\040\000T\000h\000e\000r\000a\000p\000i\000s\000t\000\040\000a\000n\000d\000\040\000D\000i\000g\000i\000t\000a\000l\000\040\000A\000s\000s\000i\000s\000t\000a\000n\000c\000e}{section.6}% 20
\BOOKMARK [2][-]{subsection.6.17}{\376\377\000C\000o\000m\000m\000u\000n\000i\000t\000y\000\040\000a\000n\000d\000\040\000P\000e\000e\000r\000\040\000S\000u\000p\000p\000o\000r\000t}{section.6}% 21
\BOOKMARK [2][-]{subsection.6.18}{\376\377\000T\000h\000e\000r\000a\000p\000i\000s\000t\000\040\000A\000s\000s\000i\000g\000n\000m\000e\000n\000t\000\040\000a\000n\000d\000\040\000C\000o\000l\000l\000a\000b\000o\000r\000a\000t\000i\000o\000n}{section.6}% 22
\BOOKMARK [2][-]{subsection.6.19}{\376\377\000M\000i\000s\000s\000i\000o\000n\000\040\000C\000r\000e\000a\000t\000i\000o\000n\000\040\000a\000n\000d\000\040\000C\000u\000s\000t\000o\000m\000i\000z\000a\000t\000i\000o\000n}{section.6}% 23
\BOOKMARK [2][-]{subsection.6.20}{\376\377\000N\000a\000v\000i\000g\000a\000t\000i\000o\000n\000\040\000a\000n\000d\000\040\000S\000i\000d\000e\000b\000a\000r}{section.6}% 24
\BOOKMARK [2][-]{subsection.6.21}{\376\377\000C\000o\000n\000v\000e\000r\000s\000a\000t\000i\000o\000n\000a\000l\000\040\000A\000I\000:\000\040\000A\000s\000k\000\040\000E\000m\000m\000a}{section.6}% 25
\BOOKMARK [2][-]{subsection.6.22}{\376\377\000T\000h\000e\000r\000a\000p\000i\000s\000t\000\040\000D\000a\000s\000h\000b\000o\000a\000r\000d\000:\000\040\000E\000x\000t\000e\000n\000d\000e\000d\000\040\000V\000i\000e\000w}{section.6}% 26
\BOOKMARK [2][-]{subsection.6.23}{\376\377\000C\000h\000i\000l\000d\000\040\000P\000r\000o\000f\000i\000l\000e\000:\000\040\000D\000i\000s\000t\000r\000e\000s\000s\000\040\000S\000i\000g\000n\000a\000l\000s\000\040\000a\000n\000d\000\040\000M\000o\000n\000i\000t\000o\000r\000i\000n\000g}{section.6}% 27
\BOOKMARK [2][-]{subsection.6.24}{\376\377\000M\000i\000s\000s\000i\000o\000n\000\040\000C\000r\000e\000a\000t\000i\000o\000n\000:\000\040\000I\000n\000-\000P\000r\000o\000g\000r\000e\000s\000s\000\040\000a\000n\000d\000\040\000W\000o\000r\000k\000f\000l\000o\000w}{section.6}% 28
\BOOKMARK [2][-]{subsection.6.25}{\376\377\000T\000h\000e\000r\000a\000p\000i\000s\000t\000\040\000D\000i\000r\000e\000c\000t\000o\000r\000y\000\040\000a\000n\000d\000\040\000A\000s\000s\000i\000g\000n\000m\000e\000n\000t}{section.6}% 29
\BOOKMARK [1][-]{section.7}{\376\377\000R\000e\000s\000u\000l\000t\000s\000\040\000a\000n\000d\000\040\000T\000e\000s\000t\000i\000n\000g}{}% 30
\BOOKMARK [2][-]{subsection.7.1}{\376\377\000P\000e\000r\000f\000o\000r\000m\000a\000n\000c\000e\000\040\000E\000v\000a\000l\000u\000a\000t\000i\000o\000n\000\040\000a\000n\000d\000\040\000M\000e\000t\000r\000i\000c\000s}{section.7}% 31
\BOOKMARK [3][-]{subsubsection.7.1.1}{\376\377\000S\000y\000s\000t\000e\000m\000\040\000P\000e\000r\000f\000o\000r\000m\000a\000n\000c\000e\000\040\000A\000n\000a\000l\000y\000s\000i\000s}{subsection.7.1}% 32
\BOOKMARK [3][-]{subsubsection.7.1.2}{\376\377\000S\000c\000a\000l\000a\000b\000i\000l\000i\000t\000y\000\040\000T\000e\000s\000t\000i\000n\000g\000\040\000R\000e\000s\000u\000l\000t\000s}{subsection.7.1}% 33
\BOOKMARK [2][-]{subsection.7.2}{\376\377\000U\000s\000e\000r\000\040\000E\000x\000p\000e\000r\000i\000e\000n\000c\000e\000\040\000a\000n\000d\000\040\000U\000s\000a\000b\000i\000l\000i\000t\000y\000\040\000T\000e\000s\000t\000i\000n\000g}{section.7}% 34
\BOOKMARK [3][-]{subsubsection.7.2.1}{\376\377\000U\000s\000a\000b\000i\000l\000i\000t\000y\000\040\000S\000t\000u\000d\000y\000\040\000M\000e\000t\000h\000o\000d\000o\000l\000o\000g\000y}{subsection.7.2}% 35
\BOOKMARK [3][-]{subsubsection.7.2.2}{\376\377\000U\000s\000a\000b\000i\000l\000i\000t\000y\000\040\000M\000e\000t\000r\000i\000c\000s\000\040\000a\000n\000d\000\040\000R\000e\000s\000u\000l\000t\000s}{subsection.7.2}% 36
\BOOKMARK [3][-]{subsubsection.7.2.3}{\376\377\000U\000s\000e\000r\000\040\000F\000e\000e\000d\000b\000a\000c\000k\000\040\000a\000n\000d\000\040\000Q\000u\000a\000l\000i\000t\000a\000t\000i\000v\000e\000\040\000A\000n\000a\000l\000y\000s\000i\000s}{subsection.7.2}% 37
\BOOKMARK [2][-]{subsection.7.3}{\376\377\000S\000e\000c\000u\000r\000i\000t\000y\000\040\000a\000n\000d\000\040\000P\000r\000i\000v\000a\000c\000y\000\040\000T\000e\000s\000t\000i\000n\000g}{section.7}% 38
\BOOKMARK [3][-]{subsubsection.7.3.1}{\376\377\000S\000e\000c\000u\000r\000i\000t\000y\000\040\000A\000s\000s\000e\000s\000s\000m\000e\000n\000t\000\040\000R\000e\000s\000u\000l\000t\000s}{subsection.7.3}% 39
\BOOKMARK [3][-]{subsubsection.7.3.2}{\376\377\000P\000r\000i\000v\000a\000c\000y\000\040\000C\000o\000m\000p\000l\000i\000a\000n\000c\000e\000\040\000V\000e\000r\000i\000f\000i\000c\000a\000t\000i\000o\000n}{subsection.7.3}% 40
\BOOKMARK [2][-]{subsection.7.4}{\376\377\000C\000o\000m\000p\000a\000r\000a\000t\000i\000v\000e\000\040\000A\000n\000a\000l\000y\000s\000i\000s\000\040\000w\000i\000t\000h\000\040\000E\000x\000i\000s\000t\000i\000n\000g\000\040\000S\000o\000l\000u\000t\000i\000o\000n\000s}{section.7}% 41
\BOOKMARK [3][-]{subsubsection.7.4.1}{\376\377\000M\000a\000r\000k\000e\000t\000\040\000C\000o\000m\000p\000a\000r\000i\000s\000o\000n\000\040\000S\000t\000u\000d\000y}{subsection.7.4}% 42
\BOOKMARK [3][-]{subsubsection.7.4.2}{\376\377\000C\000o\000m\000p\000e\000t\000i\000t\000i\000v\000e\000\040\000A\000d\000v\000a\000n\000t\000a\000g\000e\000s}{subsection.7.4}% 43
\BOOKMARK [2][-]{subsection.7.5}{\376\377\000C\000l\000i\000n\000i\000c\000a\000l\000\040\000E\000f\000f\000e\000c\000t\000i\000v\000e\000n\000e\000s\000s\000\040\000a\000n\000d\000\040\000I\000m\000p\000a\000c\000t\000\040\000A\000s\000s\000e\000s\000s\000m\000e\000n\000t}{section.7}% 44
\BOOKMARK [3][-]{subsubsection.7.5.1}{\376\377\000T\000h\000e\000r\000a\000p\000e\000u\000t\000i\000c\000\040\000O\000u\000t\000c\000o\000m\000e\000s\000\040\000E\000v\000a\000l\000u\000a\000t\000i\000o\000n}{subsection.7.5}% 45
\BOOKMARK [3][-]{subsubsection.7.5.2}{\376\377\000P\000r\000o\000f\000e\000s\000s\000i\000o\000n\000a\000l\000\040\000F\000e\000e\000d\000b\000a\000c\000k\000\040\000a\000n\000d\000\040\000A\000d\000o\000p\000t\000i\000o\000n}{subsection.7.5}% 46
\BOOKMARK [2][-]{subsection.7.6}{\376\377\000T\000e\000c\000h\000n\000i\000c\000a\000l\000\040\000R\000e\000l\000i\000a\000b\000i\000l\000i\000t\000y\000\040\000a\000n\000d\000\040\000Q\000u\000a\000l\000i\000t\000y\000\040\000A\000s\000s\000u\000r\000a\000n\000c\000e}{section.7}% 47
\BOOKMARK [3][-]{subsubsection.7.6.1}{\376\377\000S\000o\000f\000t\000w\000a\000r\000e\000\040\000Q\000u\000a\000l\000i\000t\000y\000\040\000M\000e\000t\000r\000i\000c\000s}{subsection.7.6}% 48
\BOOKMARK [3][-]{subsubsection.7.6.2}{\376\377\000C\000r\000o\000s\000s\000-\000p\000l\000a\000t\000f\000o\000r\000m\000\040\000C\000o\000m\000p\000a\000t\000i\000b\000i\000l\000i\000t\000y}{subsection.7.6}% 49
\BOOKMARK [2][-]{subsection.7.7}{\376\377\000C\000O\000N\000C\000L\000U\000S\000I\000O\000N\000S}{section.7}% 50
\BOOKMARK [2][-]{subsection.7.8}{\376\377\000F\000U\000T\000U\000R\000E\000\040\000W\000O\000R\000K}{section.7}% 51
\BOOKMARK [3][-]{subsubsection.7.8.1}{\376\377\000F\000e\000a\000t\000u\000r\000e\000\040\000R\000o\000a\000d\000m\000a\000p}{subsection.7.8}% 52
\BOOKMARK [3][-]{subsubsection.7.8.2}{\376\377\000T\000e\000c\000h\000n\000i\000c\000a\000l\000\040\000E\000n\000h\000a\000n\000c\000e\000m\000e\000n\000t\000s}{subsection.7.8}% 53
\BOOKMARK [3][-]{subsubsection.7.8.3}{\376\377\000R\000e\000s\000e\000a\000r\000c\000h\000\040\000a\000n\000d\000\040\000C\000l\000i\000n\000i\000c\000a\000l\000\040\000V\000a\000l\000i\000d\000a\000t\000i\000o\000n}{subsection.7.8}% 54
\BOOKMARK [3][-]{subsubsection.7.8.4}{\376\377\000S\000c\000a\000l\000a\000b\000i\000l\000i\000t\000y\000\040\000a\000n\000d\000\040\000P\000e\000r\000f\000o\000r\000m\000a\000n\000c\000e\000\040\000I\000m\000p\000r\000o\000v\000e\000m\000e\000n\000t\000s}{subsection.7.8}% 55
\BOOKMARK [1][-]{section.8}{\376\377\000R\000e\000f\000e\000r\000e\000n\000c\000e\000s}{}% 56
